Added Component: Designator=C1(CAPC0603(1608)100_L)
Added Component: Designator=P1(HDR1X2)
Added Component: Designator=Q1(SOT23-3)
Added Component: Designator=R1(RESC0603(1608)_L)
Added Component: Designator=R2(RESC0603(1608)_L)
Added Component: Designator=R3(RESC0603(1608)_L)
Added Component: Designator=U1(TEENSY_3.0_BASIC)
Added Component: Designator=U2(LSOP-5)
Added Pin To Net: NetName=+12V Pin=C1-2
Added Pin To Net: NetName=+12V Pin=P1-1
Added Pin To Net: NetName=+12V Pin=U2-5
Added Net: Name=+12V
Added Pin To Net: NetName=GATE Pin=R1-1
Added Net: Name=GATE
Added Pin To Net: NetName=GND Pin=C1-1
Added Pin To Net: NetName=GND Pin=P1-2
Added Pin To Net: NetName=GND Pin=Q1-3
Added Pin To Net: NetName=GND Pin=U1-GND
Added Pin To Net: NetName=GND Pin=U2-3
Added Net: Name=GND
Added Pin To Net: NetName=NetQ1_1 Pin=Q1-1
Added Pin To Net: NetName=NetQ1_1 Pin=R3-1
Added Net: Name=NetQ1_1
Added Pin To Net: NetName=NetQ1_2 Pin=Q1-2
Added Pin To Net: NetName=NetQ1_2 Pin=U2-2
Added Net: Name=NetQ1_2
Added Pin To Net: NetName=NetR1_2 Pin=R1-2
Added Pin To Net: NetName=NetR1_2 Pin=U2-4
Added Net: Name=NetR1_2
Added Pin To Net: NetName=NetR2_1 Pin=R2-1
Added Pin To Net: NetName=NetR2_1 Pin=U2-1
Added Net: Name=NetR2_1
Added Pin To Net: NetName=NetR2_2 Pin=R2-2
Added Pin To Net: NetName=NetR2_2 Pin=U1-3.3V
Added Net: Name=NetR2_2
Added Pin To Net: NetName=NetR3_2 Pin=R3-2
Added Pin To Net: NetName=NetR3_2 Pin=U1-1
Added Net: Name=NetR3_2
Added Pin To Net: NetName=TRIGGER Pin=U1-0
Added Net: Name=TRIGGER
Added Class: Name=Logic
